<?xml version="1.0" encoding="UTF-8"?>
<!-- Generated by org.testng.reporters.JUnitReportReporter -->
<testsuite hostname="ASDLAPKCH0373" failures="0" tests="1" name="com.sample.javaownerlibrary.TestOwner" time="0.102" errors="0" timestamp="2023-07-20T17:28:18 IST" skipped="0">
  <testcase classname="com.sample.javaownerlibrary.TestOwner" name="readProperties" time="0.102"/>
  <system-out/>
</testsuite> <!-- com.sample.javaownerlibrary.TestOwner -->
