<?xml version="1.0" encoding="UTF-8"?>
<!-- Generated by org.testng.reporters.JUnitReportReporter -->
<testsuite hostname="ASDLAPKCH0373" failures="0" tests="2" name="com.sample.javaownerlibrary.TestSingleOwnerInstance" time="12.897" errors="0" timestamp="2023-07-21T11:42:14 IST" skipped="0">
  <testcase classname="com.sample.javaownerlibrary.TestSingleOwnerInstance" name="login" time="3.604"/>
  <system-out/>
  <testcase classname="com.sample.javaownerlibrary.TestSingleOwnerInstance" name="setup" time="9.293"/>
  <system-out/>
</testsuite> <!-- com.sample.javaownerlibrary.TestSingleOwnerInstance -->
